<?xml version="1.0" encoding="UTF-8"?>
<testng-results ignored="0" total="1" passed="1" failed="0" skipped="0">
  <reporter-output>
  </reporter-output>
  <suite started-at="2024-04-08T07:17:03Z" name="Default suite" finished-at="2024-04-08T07:17:47Z" duration-ms="44281">
    <groups>
    </groups>
    <test started-at="2024-04-08T07:17:03Z" name="Default test" finished-at="2024-04-08T07:17:47Z" duration-ms="44281">
      <class name="paruVenduTestNG.NG">
        <test-method is-config="true" signature="setUp()[pri:0, instance:paruVenduTestNG.NG@7749bf93]" started-at="2024-04-08T08:17:03Z" name="setUp" finished-at="2024-04-08T08:17:11Z" duration-ms="8195" status="PASS">
          <reporter-output>
          </reporter-output>
        </test-method> <!-- setUp -->
        <test-method signature="navigate()[pri:0, instance:paruVenduTestNG.NG@7749bf93]" started-at="2024-04-08T08:17:11Z" name="navigate" finished-at="2024-04-08T08:17:47Z" duration-ms="36037" status="PASS">
          <reporter-output>
          </reporter-output>
        </test-method> <!-- navigate -->
        <test-method is-config="true" signature="tearDown()[pri:0, instance:paruVenduTestNG.NG@7749bf93]" started-at="2024-04-08T08:17:47Z" name="tearDown" finished-at="2024-04-08T08:17:47Z" duration-ms="1" status="PASS">
          <reporter-output>
          </reporter-output>
        </test-method> <!-- tearDown -->
      </class> <!-- paruVenduTestNG.NG -->
    </test> <!-- Default test -->
  </suite> <!-- Default suite -->
</testng-results>
